This is pdfTeX, Version 3.1415926-1.40.8-alpha-20080323 (MiKTeX 2.7) (preloaded format=pdflatex 2008.11.26)  9 DEC 2008 14:00
entering extended mode
**C:/workpf/Doc/Presentations/Apresentação*Banca/final.tex
("C:/workpf/Doc/Presentations/Apresentação Banca/final.tex"
LaTeX2e <2005/12/01>
Babel <v3.8j> and hyphenation patterns for english, dumylang, nohyphenation, ge
rman, ngerman, french, portuguese, loaded.
("C:\Arquivos de programas\MiKTeX 2.7\tex\latex\beamer\base\beamer.cls"
("C:\Arquivos de programas\MiKTeX 2.7\tex\latex\beamer\base\beamerbasercs.sty"
Package: beamerbasercs 2007/01/28 (rcs-revision 1.4)
)
Document Class: beamer 2007/03/11 cvs version 3.07 A class for typesetting pres
entations (rcs-revision 1.70)
("C:\Arquivos de programas\MiKTeX 2.7\tex\latex\beamer\base\beamerbasemodes.sty
"
Package: beamerbasemodes 2007/01/28 (rcs-revision 1.22)
\beamer@tempbox=\box26
\beamer@tempcount=\count79
\c@beamerpauses=\count80

("C:\Arquivos de programas\MiKTeX 2.7\tex\latex\beamer\base\beamerbasedecode.st
y"
Package: beamerbasedecode 2007/01/28 (rcs-revision 1.20)
\beamer@slideinframe=\count81
\beamer@minimum=\count82
)
\beamer@commentbox=\box27
\beamer@modecount=\count83
)
\headheight=\dimen102
\headdp=\dimen103
\footheight=\dimen104
\sidebarheight=\dimen105
\beamer@tempdim=\dimen106
\beamer@finalheight=\dimen107
\beamer@animht=\dimen108
\beamer@animdp=\dimen109
\beamer@animwd=\dimen110
\beamer@leftmargin=\dimen111
\beamer@rightmargin=\dimen112
\beamer@leftsidebar=\dimen113
\beamer@rightsidebar=\dimen114
\beamer@boxsize=\dimen115
\beamer@vboxoffset=\dimen116
\beamer@descdefault=\dimen117
\beamer@descriptionwidth=\dimen118
\beamer@lastskip=\skip41
\beamer@areabox=\box28
\beamer@animcurrent=\box29
\beamer@animshowbox=\box30
\beamer@sectionbox=\box31
\beamer@logobox=\box32
\beamer@linebox=\box33
\beamer@sectioncount=\count84
\beamer@subsubsectionmax=\count85
\beamer@subsectionmax=\count86
\beamer@sectionmax=\count87
\beamer@totalheads=\count88
\beamer@headcounter=\count89
\beamer@partstartpage=\count90
\beamer@sectionstartpage=\count91
\beamer@subsectionstartpage=\count92
\beamer@animationtempa=\count93
\beamer@animationtempb=\count94
\beamer@xpos=\count95
\beamer@ypos=\count96
\beamer@showpartnumber=\count97
\beamer@currentsubsection=\count98
\beamer@coveringdepth=\count99
\beamer@sectionadjust=\count100
\beamer@tocsectionnumber=\count101

("C:\Arquivos de programas\MiKTeX 2.7\tex\latex\beamer\base\beamerbaseoptions.s
ty"
Package: beamerbaseoptions 2007/01/28 (rcs-revision 1.8)
 ("C:\Arquivos de programas\MiKTeX 2.7\tex\latex\graphics\keyval.sty"
Package: keyval 1999/03/16 v1.13 key=value parser (DPC)
\KV@toks@=\toks14
))

Class beamer Warning: This option is obsolete. Use beamer option ``show notes''
 instead. on input line 300.


Class beamer Warning: ``blue'' is obsolete. Use color theme structure instead o
n input line 300.


Class beamer Warning: ``mathserif'' is obsolete. Use font theme ``serif'' with 
option ``onlymath'' on input line 300.

("C:\Arquivos de programas\MiKTeX 2.7\tex\latex\pgf\basiclayer\pgfcore.sty"
("C:\Arquivos de programas\MiKTeX 2.7\tex\latex\graphics\graphicx.sty"
Package: graphicx 1999/02/16 v1.0f Enhanced LaTeX Graphics (DPC,SPQR)

("C:\Arquivos de programas\MiKTeX 2.7\tex\latex\graphics\graphics.sty"
Package: graphics 2006/02/20 v1.0o Standard LaTeX Graphics (DPC,SPQR)

("C:\Arquivos de programas\MiKTeX 2.7\tex\latex\graphics\trig.sty"
Package: trig 1999/03/16 v1.09 sin cos tan (DPC)
)
("C:\Arquivos de programas\MiKTeX 2.7\tex\latex\00miktex\graphics.cfg"
File: graphics.cfg 2007/01/18 v1.5 graphics configuration of teTeX/TeXLive
)
Package graphics Info: Driver file: pdftex.def on input line 90.

("C:\Arquivos de programas\MiKTeX 2.7\tex\latex\graphics\pdftex.def"
File: pdftex.def 2007/06/12 v0.04h Graphics/color for pdfTeX
\Gread@gobject=\count102
))
\Gin@req@height=\dimen119
\Gin@req@width=\dimen120
)
("C:\Arquivos de programas\MiKTeX 2.7\tex\latex\pgf\systemlayer\pgfsys.sty"
("C:\Arquivos de programas\MiKTeX 2.7\tex\latex\pgf\utilities\pgfrcs.sty"
("C:\Arquivos de programas\MiKTeX 2.7\tex\generic\pgf\utilities\pgfutil-common.
tex"
\pgfutil@everybye=\toks15
)
("C:\Arquivos de programas\MiKTeX 2.7\tex\generic\pgf\utilities\pgfutil-latex.d
ef")
("C:\Arquivos de programas\MiKTeX 2.7\tex\generic\pgf\utilities\pgfrcs.code.tex
"
Package: pgfrcs 2008/02/20 v2.00 (rcs-revision 1.21)
))
("C:\Arquivos de programas\MiKTeX 2.7\tex\generic\pgf\systemlayer\pgfsys.code.t
ex"
Package: pgfsys 2008/02/07 v2.00 (rcs-revision 1.31)

("C:\Arquivos de programas\MiKTeX 2.7\tex\generic\pgf\utilities\pgfkeys.code.te
x"
\pgfkeys@pathtoks=\toks16
\pgfkeys@temptoks=\toks17
)
\pgf@x=\dimen121
\pgf@y=\dimen122
\pgf@xa=\dimen123
\pgf@ya=\dimen124
\pgf@xb=\dimen125
\pgf@yb=\dimen126
\pgf@xc=\dimen127
\pgf@yc=\dimen128
\c@pgf@counta=\count103
\c@pgf@countb=\count104
\c@pgf@countc=\count105
\c@pgf@countd=\count106
 ("C:\Arquivos de programas\MiKTeX 2.7\tex\generic\pgf\systemlayer\pgf.cfg"
File: pgf.cfg 2008/01/13  (rcs-revision 1.6)
)
Package pgfsys Info: Driver file for pgf: pgfsys-pdftex.def on input line 885.

("C:\Arquivos de programas\MiKTeX 2.7\tex\generic\pgf\systemlayer\pgfsys-pdftex
.def"
File: pgfsys-pdftex.def 2007/12/20  (rcs-revision 1.20)

("C:\Arquivos de programas\MiKTeX 2.7\tex\generic\pgf\systemlayer\pgfsys-common
-pdf.def"
File: pgfsys-common-pdf.def 2007/12/17  (rcs-revision 1.8)
)))
("C:\Arquivos de programas\MiKTeX 2.7\tex\generic\pgf\systemlayer\pgfsyssoftpat
h.code.tex"
File: pgfsyssoftpath.code.tex 2008/01/23  (rcs-revision 1.6)
\pgfsyssoftpath@smallbuffer@items=\count107
\pgfsyssoftpath@bigbuffer@items=\count108
)
("C:\Arquivos de programas\MiKTeX 2.7\tex\generic\pgf\systemlayer\pgfsysprotoco
l.code.tex"
File: pgfsysprotocol.code.tex 2006/10/16  (rcs-revision 1.4)
)) ("C:\Arquivos de programas\MiKTeX 2.7\tex\latex\xcolor\xcolor.sty"
Package: xcolor 2007/01/21 v2.11 LaTeX color extensions (UK)
 ("C:\Arquivos de programas\MiKTeX 2.7\tex\latex\00miktex\color.cfg"
File: color.cfg 2007/01/18 v1.5 color configuration of teTeX/TeXLive
)
Package xcolor Info: Driver file: pdftex.def on input line 225.
Package xcolor Info: Model `cmy' substituted by `cmy0' on input line 1337.
Package xcolor Info: Model `hsb' substituted by `rgb' on input line 1341.
Package xcolor Info: Model `RGB' extended on input line 1353.
Package xcolor Info: Model `HTML' substituted by `rgb' on input line 1355.
Package xcolor Info: Model `Hsb' substituted by `hsb' on input line 1356.
Package xcolor Info: Model `tHsb' substituted by `hsb' on input line 1357.
Package xcolor Info: Model `HSB' substituted by `hsb' on input line 1358.
Package xcolor Info: Model `Gray' substituted by `gray' on input line 1359.
Package xcolor Info: Model `wave' substituted by `hsb' on input line 1360.
)
("C:\Arquivos de programas\MiKTeX 2.7\tex\generic\pgf\basiclayer\pgfcore.code.t
ex"
Package: pgfcore 2008/01/15 v2.00 (rcs-revision 1.6)
 ("C:\Arquivos de programas\MiKTeX 2.7\tex\generic\pgf\math\pgfmath.code.tex"
("C:\Arquivos de programas\MiKTeX 2.7\tex\generic\pgf\math\pgfmathcalc.code.tex
"
("C:\Arquivos de programas\MiKTeX 2.7\tex\generic\pgf\math\pgfmathutil.code.tex
"
\pgfmath@box=\box34
)
("C:\Arquivos de programas\MiKTeX 2.7\tex\generic\pgf\math\pgfmathparser.code.t
ex"
\pgfmath@stack=\toks18
\c@pgfmath@parsecounta=\count109
\c@pgfmath@parsecountb=\count110
\c@pgfmath@parsecountc=\count111
\pgfmath@parsex=\dimen129
)
("C:\Arquivos de programas\MiKTeX 2.7\tex\generic\pgf\math\pgfmathoperations.co
de.tex"
("C:\Arquivos de programas\MiKTeX 2.7\tex\generic\pgf\math\pgfmathtrig.code.tex
")
("C:\Arquivos de programas\MiKTeX 2.7\tex\generic\pgf\math\pgfmathrnd.code.tex"
))
("C:\Arquivos de programas\MiKTeX 2.7\tex\generic\pgf\math\pgfmathbase.code.tex
")))
("C:\Arquivos de programas\MiKTeX 2.7\tex\generic\pgf\basiclayer\pgfcorepoints.
code.tex"
File: pgfcorepoints.code.tex 2008/02/03  (rcs-revision 1.13)
\pgf@picminx=\dimen130
\pgf@picmaxx=\dimen131
\pgf@picminy=\dimen132
\pgf@picmaxy=\dimen133
\pgf@pathminx=\dimen134
\pgf@pathmaxx=\dimen135
\pgf@pathminy=\dimen136
\pgf@pathmaxy=\dimen137
\pgf@xx=\dimen138
\pgf@xy=\dimen139
\pgf@yx=\dimen140
\pgf@yy=\dimen141
\pgf@zx=\dimen142
\pgf@zy=\dimen143
)
("C:\Arquivos de programas\MiKTeX 2.7\tex\generic\pgf\basiclayer\pgfcorepathcon
struct.code.tex"
File: pgfcorepathconstruct.code.tex 2008/02/13  (rcs-revision 1.14)
\pgf@path@lastx=\dimen144
\pgf@path@lasty=\dimen145
)
("C:\Arquivos de programas\MiKTeX 2.7\tex\generic\pgf\basiclayer\pgfcorepathusa
ge.code.tex"
File: pgfcorepathusage.code.tex 2008/01/23  (rcs-revision 1.11)
\pgf@shorten@end@additional=\dimen146
\pgf@shorten@start@additional=\dimen147
)
("C:\Arquivos de programas\MiKTeX 2.7\tex\generic\pgf\basiclayer\pgfcorescopes.
code.tex"
File: pgfcorescopes.code.tex 2008/01/15  (rcs-revision 1.26)
\pgfpic=\box35
\pgf@hbox=\box36
\pgf@layerbox@main=\box37
\pgf@picture@serial@count=\count112
)
("C:\Arquivos de programas\MiKTeX 2.7\tex\generic\pgf\basiclayer\pgfcoregraphic
state.code.tex"
File: pgfcoregraphicstate.code.tex 2007/12/12  (rcs-revision 1.8)
\pgflinewidth=\dimen148
)
("C:\Arquivos de programas\MiKTeX 2.7\tex\generic\pgf\basiclayer\pgfcoretransfo
rmations.code.tex"
File: pgfcoretransformations.code.tex 2008/02/04  (rcs-revision 1.10)
\pgf@pt@x=\dimen149
\pgf@pt@y=\dimen150
\pgf@pt@temp=\dimen151
)
("C:\Arquivos de programas\MiKTeX 2.7\tex\generic\pgf\basiclayer\pgfcorequick.c
ode.tex"
File: pgfcorequick.code.tex 2006/10/11  (rcs-revision 1.2)
)
("C:\Arquivos de programas\MiKTeX 2.7\tex\generic\pgf\basiclayer\pgfcoreobjects
.code.tex"
File: pgfcoreobjects.code.tex 2006/10/11  (rcs-revision 1.2)
)
("C:\Arquivos de programas\MiKTeX 2.7\tex\generic\pgf\basiclayer\pgfcorepathpro
cessing.code.tex"
File: pgfcorepathprocessing.code.tex 2008/01/23  (rcs-revision 1.7)
)
("C:\Arquivos de programas\MiKTeX 2.7\tex\generic\pgf\basiclayer\pgfcorearrows.
code.tex"
File: pgfcorearrows.code.tex 2007/06/07  (rcs-revision 1.8)
)
("C:\Arquivos de programas\MiKTeX 2.7\tex\generic\pgf\basiclayer\pgfcoreshade.c
ode.tex"
File: pgfcoreshade.code.tex 2007/12/10  (rcs-revision 1.9)
\pgf@max=\dimen152
\pgf@sys@shading@range@num=\count113
)
("C:\Arquivos de programas\MiKTeX 2.7\tex\generic\pgf\basiclayer\pgfcoreimage.c
ode.tex"
File: pgfcoreimage.code.tex 2008/01/15  (rcs-revision 1.1)
\pgfexternal@startupbox=\box38
)
("C:\Arquivos de programas\MiKTeX 2.7\tex\generic\pgf\basiclayer\pgfcorelayers.
code.tex"
File: pgfcorelayers.code.tex 2008/01/15  (rcs-revision 1.1)
)
("C:\Arquivos de programas\MiKTeX 2.7\tex\generic\pgf\basiclayer\pgfcoretranspa
rency.code.tex"
File: pgfcoretransparency.code.tex 2008/01/17  (rcs-revision 1.2)
)
("C:\Arquivos de programas\MiKTeX 2.7\tex\generic\pgf\basiclayer\pgfcorepattern
s.code.tex"
File: pgfcorepatterns.code.tex 2008/01/15  (rcs-revision 1.1)
)))
("C:\Arquivos de programas\MiKTeX 2.7\tex\latex\pgf\basiclayer\pgfbaseimage.sty
"

Package pgf Warning: This package is obsolete and no longer needed on input lin
e 13.

) ("C:\Arquivos de programas\MiKTeX 2.7\tex\latex\pgf\utilities\xxcolor.sty"
Package: xxcolor 2003/10/24 ver 0.1
\XC@nummixins=\count114
\XC@countmixins=\count115
)
("C:\Arquivos de programas\MiKTeX 2.7\tex\latex\amsfonts\amssymb.sty"
Package: amssymb 2002/01/22 v2.2d

("C:\Arquivos de programas\MiKTeX 2.7\tex\latex\amsfonts\amsfonts.sty"
Package: amsfonts 2001/10/25 v2.2f
\@emptytoks=\toks19
\symAMSa=\mathgroup4
\symAMSb=\mathgroup5
LaTeX Font Info:    Overwriting math alphabet `\mathfrak' in version `bold'
(Font)                  U/euf/m/n --> U/euf/b/n on input line 132.
))
("C:\Arquivos de programas\MiKTeX 2.7\tex\latex\geometry\geometry.sty"
Package: geometry 2002/07/08 v3.2 Page Geometry
\Gm@cnth=\count116
\Gm@cntv=\count117
\c@Gm@tempcnt=\count118
\Gm@bindingoffset=\dimen153
\Gm@wd@mp=\dimen154
\Gm@odd@mp=\dimen155
\Gm@even@mp=\dimen156
\Gm@dimlist=\toks20

("C:\Arquivos de programas\MiKTeX 2.7\tex\latex\geometry\geometry.cfg"))
("C:\Arquivos de programas\MiKTeX 2.7\tex\latex\hyperref\hyperref.sty"
Package: hyperref 2008/04/24 v6.77u Hypertext links for LaTeX

("C:\Arquivos de programas\MiKTeX 2.7\tex\latex\oberdiek\hycolor.sty"
Package: hycolor 2007/04/11 v1.1 Code for color options of hyperref/bookmark (H
O)
)
\@linkdim=\dimen157
\Hy@linkcounter=\count119
\Hy@pagecounter=\count120

("C:\Arquivos de programas\MiKTeX 2.7\tex\latex\hyperref\pd1enc.def"
File: pd1enc.def 2008/04/24 v6.77u Hyperref: PDFDocEncoding definition (HO)
)
("C:\Arquivos de programas\MiKTeX 2.7\tex\generic\oberdiek\etexcmds.sty"
Package: etexcmds 2007/12/12 v1.2 Prefix for e-TeX command names (HO)

("C:\Arquivos de programas\MiKTeX 2.7\tex\generic\oberdiek\infwarerr.sty"
Package: infwarerr 2007/09/09 v1.2 Providing info/warning/message (HO)
)
Package etexcmds Info: Could not find \expanded.
(etexcmds)             That can mean that you are not using pdfTeX 1.50 or
(etexcmds)             that some package has redefined \expanded.
(etexcmds)             In the latter case, load this package earlier.
)
("C:\Arquivos de programas\MiKTeX 2.7\tex\latex\00miktex\hyperref.cfg"
File: hyperref.cfg 2002/06/06 v1.2 hyperref configuration of TeXLive
)
("C:\Arquivos de programas\MiKTeX 2.7\tex\latex\oberdiek\kvoptions.sty"
Package: kvoptions 2007/10/18 v3.0 Keyval support for LaTeX options (HO)
)
Package hyperref Info: Option `bookmarks' set `true' on input line 2781.
Package hyperref Info: Option `bookmarksopen' set `true' on input line 2781.
Package hyperref Info: Option `implicit' set `false' on input line 2781.
Package hyperref Info: Hyper figures OFF on input line 2892.
Package hyperref Info: Link nesting OFF on input line 2897.
Package hyperref Info: Hyper index ON on input line 2900.
Package hyperref Info: Plain pages OFF on input line 2907.
Package hyperref Info: Backreferencing OFF on input line 2912.

Implicit mode OFF; no redefinition of LaTeX internals
Package hyperref Info: Bookmarks ON on input line 3071.
("C:\Arquivos de programas\MiKTeX 2.7\tex\latex\ltxmisc\url.sty"
\Urlmuskip=\muskip10
Package: url 2006/04/12  ver 3.3  Verb mode for urls, etc.
)
LaTeX Info: Redefining \url on input line 3255.

("C:\Arquivos de programas\MiKTeX 2.7\tex\generic\oberdiek\bitset.sty"
Package: bitset 2007/09/28 v1.0 Data type bit set (HO)

("C:\Arquivos de programas\MiKTeX 2.7\tex\generic\oberdiek\intcalc.sty"
Package: intcalc 2007/09/27 v1.1 Expandable integer calculations (HO)
)
("C:\Arquivos de programas\MiKTeX 2.7\tex\generic\oberdiek\bigintcalc.sty"
Package: bigintcalc 2007/11/11 v1.1 Expandable big integer calculations (HO)

("C:\Arquivos de programas\MiKTeX 2.7\tex\generic\oberdiek\pdftexcmds.sty"
Package: pdftexcmds 2007/12/12 v0.3 LuaTeX support for pdfTeX utility functions
 (HO)
Package pdftexcmds Info: LuaTeX not detected on input line 139.
)))
("C:\Arquivos de programas\MiKTeX 2.7\tex\generic\oberdiek\kvsetkeys.sty"
Package: kvsetkeys 2007/09/29 v1.3 Key value parser with default handler suppor
t (HO)
)
\Fld@menulength=\count121
\Field@Width=\dimen158
\Fld@charsize=\dimen159
\Field@toks=\toks21
Package hyperref Info: Hyper figures OFF on input line 4169.
Package hyperref Info: Link nesting OFF on input line 4174.
Package hyperref Info: Hyper index ON on input line 4177.
Package hyperref Info: backreferencing OFF on input line 4184.
Package hyperref Info: Link coloring OFF on input line 4189.
Package hyperref Info: Link coloring with OCG OFF on input line 4194.
Package hyperref Info: PDF/A mode OFF on input line 4199.

("C:\Arquivos de programas\MiKTeX 2.7\tex\generic\oberdiek\atbegshi.sty"
Package: atbegshi 2007/09/09 v1.6 At begin shipout hook (HO)

("C:\Arquivos de programas\MiKTeX 2.7\tex\generic\oberdiek\ifpdf.sty"
Package: ifpdf 2007/12/12 v1.6 Provides the ifpdf switch (HO)
Package ifpdf Info: pdfTeX in pdf mode detected.
))

Package hyperref Warning: Option `pdfpagelabels' is turned off
(hyperref)                because \thepage is undefined.

Hyperref stopped early
)
*hyperref using default driver hpdftex*
("C:\Arquivos de programas\MiKTeX 2.7\tex\latex\hyperref\hpdftex.def"
File: hpdftex.def 2008/04/24 v6.77u Hyperref driver for pdfTeX
\Fld@listcount=\count122
)
("C:\Arquivos de programas\MiKTeX 2.7\tex\latex\base\size11.clo"
File: size11.clo 2005/09/16 v1.4f Standard LaTeX file (size option)
)
("C:\Arquivos de programas\MiKTeX 2.7\tex\latex\beamer\base\beamerbasecompatibi
lity.sty"
Package: beamerbasecompatibility 2007/01/28  (rcs-revision 1.63)
)
("C:\Arquivos de programas\MiKTeX 2.7\tex\latex\beamer\base\beamerbasefont.sty"
Package: beamerbasefont 2007/01/28  (rcs-revision 1.16)
) ("C:\Arquivos de programas\MiKTeX 2.7\tex\latex\beamer\base\beamerbasemisc.st
y"
Package: beamerbasemisc 2007/01/28  (rcs-revision 1.24)
)
("C:\Arquivos de programas\MiKTeX 2.7\tex\latex\beamer\base\beamerbasetwoscreen
s.sty"
Package: beamerbasetwoscreens 2007/01/28  (rcs-revision 1.7)
)
("C:\Arquivos de programas\MiKTeX 2.7\tex\latex\beamer\base\beamerbaseoverlay.s
ty"
Package: beamerbaseoverlay 2007/01/28  (rcs-revision 1.50)
\beamer@argscount=\count123
\beamer@lastskipcover=\skip42
\beamer@trivlistdepth=\count124
)
("C:\Arquivos de programas\MiKTeX 2.7\tex\latex\beamer\base\beamerbasetitle.sty
"
Package: beamerbasetitle 2007/01/28  (rcs-revision 1.25)
)
("C:\Arquivos de programas\MiKTeX 2.7\tex\latex\beamer\base\beamerbasesection.s
ty"
Package: beamerbasesection 2007/01/28  (rcs-revision 1.21)
\c@lecture=\count125
\c@part=\count126
\c@section=\count127
\c@subsection=\count128
\c@subsubsection=\count129
)
("C:\Arquivos de programas\MiKTeX 2.7\tex\latex\beamer\base\beamerbaseframe.sty
"
Package: beamerbaseframe 2007/01/28  (rcs-revision 1.60)
\beamer@framebox=\box39
\beamer@frametitlebox=\box40
\beamer@zoombox=\box41
\beamer@zoomcount=\count130
\beamer@zoomframecount=\count131
\beamer@frametextheight=\dimen160
\c@subsectionslide=\count132
\beamer@frametopskip=\skip43
\beamer@framebottomskip=\skip44
\beamer@frametopskipautobreak=\skip45
\beamer@framebottomskipautobreak=\skip46
\beamer@envbody=\toks22
\c@framenumber=\count133
)
("C:\Arquivos de programas\MiKTeX 2.7\tex\latex\beamer\base\beamerbaseverbatim.
sty"
Package: beamerbaseverbatim 2007/01/28  (rcs-revision 1.8)
\beamer@verbatimfileout=\write3
)
("C:\Arquivos de programas\MiKTeX 2.7\tex\latex\beamer\base\beamerbaseframesize
.sty"
Package: beamerbaseframesize 2007/01/28  (rcs-revision 1.18)
\beamer@splitbox=\box42
\beamer@autobreakcount=\count134
\beamer@autobreaklastheight=\dimen161
\beamer@frametitletoks=\toks23
\beamer@framesubtitletoks=\toks24
)
("C:\Arquivos de programas\MiKTeX 2.7\tex\latex\beamer\base\beamerbaseframecomp
onents.sty"
Package: beamerbaseframecomponents 2007/01/28  (rcs-revision 1.41)
\beamer@footins=\box43
)
("C:\Arquivos de programas\MiKTeX 2.7\tex\latex\beamer\base\beamerbasecolor.sty
"
Package: beamerbasecolor 2007/01/28  (rcs-revision 1.42)
)
("C:\Arquivos de programas\MiKTeX 2.7\tex\latex\beamer\base\beamerbasenotes.sty
"
Package: beamerbasenotes 2007/01/28  (rcs-revision 1.23)
\beamer@frameboxcopy=\box44
) ("C:\Arquivos de programas\MiKTeX 2.7\tex\latex\beamer\base\beamerbasetoc.sty
"
Package: beamerbasetoc 2007/01/28  (rcs-revision 1.21)
)
("C:\Arquivos de programas\MiKTeX 2.7\tex\latex\beamer\base\beamerbasetemplates
.sty"
Package: beamerbasetemplates 2007/01/28  (rcs-revision 1.51)
\beamer@sbttoks=\toks25

("C:\Arquivos de programas\MiKTeX 2.7\tex\latex\beamer\base\beamerbaseauxtempla
tes.sty"
Package: beamerbaseauxtemplates 2007/01/28  (rcs-revision 1.28)

("C:\Arquivos de programas\MiKTeX 2.7\tex\latex\beamer\base\beamerbaseboxes.sty
"
Package: beamerbaseboxes 2007/03/11  (rcs-revision 1.32)
\bmb@box=\box45
\bmb@colorbox=\box46
\bmb@boxshadow=\box47
\bmb@boxshadowball=\box48
\bmb@boxshadowballlarge=\box49
\bmb@temp=\dimen162
\bmb@dima=\dimen163
\bmb@dimb=\dimen164
\bmb@prevheight=\dimen165
)
\beamer@blockheadheight=\dimen166
))
("C:\Arquivos de programas\MiKTeX 2.7\tex\latex\beamer\base\beamerbaselocalstru
cture.sty"
Package: beamerbaselocalstructure 2007/01/28  (rcs-revision 1.53)
 ("C:\Arquivos de programas\MiKTeX 2.7\tex\latex\tools\enumerate.sty"
Package: enumerate 1999/03/05 v3.00 enumerate extensions (DPC)
\@enLab=\toks26
)
\c@figure=\count135
\c@table=\count136
\abovecaptionskip=\skip47
\belowcaptionskip=\skip48
)
("C:\Arquivos de programas\MiKTeX 2.7\tex\latex\beamer\base\beamerbasenavigatio
n.sty"
Package: beamerbasenavigation 2007/01/28  (rcs-revision 1.36)
)
("C:\Arquivos de programas\MiKTeX 2.7\tex\latex\beamer\base\beamerbasetheorems.
sty"
Package: beamerbasetheorems 2007/01/28  (rcs-revision 1.10)

("C:\Arquivos de programas\MiKTeX 2.7\tex\latex\translator\base\translator.sty"
Package: translator 2007/03/11 ver 1.00

("C:\Arquivos de programas\MiKTeX 2.7\tex\latex\translator\base\translator-lang
uage-mappings.tex"))
("C:\Arquivos de programas\MiKTeX 2.7\tex\latex\amsmath\amsmath.sty"
Package: amsmath 2000/07/18 v2.13 AMS math features
\@mathmargin=\skip49

For additional information on amsmath, use the `?' option.
("C:\Arquivos de programas\MiKTeX 2.7\tex\latex\amsmath\amstext.sty"
Package: amstext 2000/06/29 v2.01

("C:\Arquivos de programas\MiKTeX 2.7\tex\latex\amsmath\amsgen.sty"
File: amsgen.sty 1999/11/30 v2.0
\@emptytoks=\toks27
\ex@=\dimen167
))
("C:\Arquivos de programas\MiKTeX 2.7\tex\latex\amsmath\amsbsy.sty"
Package: amsbsy 1999/11/29 v1.2d
\pmbraise@=\dimen168
)
("C:\Arquivos de programas\MiKTeX 2.7\tex\latex\amsmath\amsopn.sty"
Package: amsopn 1999/12/14 v2.01 operator names
)
\inf@bad=\count137
LaTeX Info: Redefining \frac on input line 211.
\uproot@=\count138
\leftroot@=\count139
LaTeX Info: Redefining \overline on input line 307.
\classnum@=\count140
\DOTSCASE@=\count141
LaTeX Info: Redefining \ldots on input line 379.
LaTeX Info: Redefining \dots on input line 382.
LaTeX Info: Redefining \cdots on input line 467.
\Mathstrutbox@=\box50
\strutbox@=\box51
\big@size=\dimen169
LaTeX Font Info:    Redeclaring font encoding OML on input line 567.
LaTeX Font Info:    Redeclaring font encoding OMS on input line 568.
\macc@depth=\count142
\c@MaxMatrixCols=\count143
\dotsspace@=\muskip11
\c@parentequation=\count144
\dspbrk@lvl=\count145
\tag@help=\toks28
\row@=\count146
\column@=\count147
\maxfields@=\count148
\andhelp@=\toks29
\eqnshift@=\dimen170
\alignsep@=\dimen171
\tagshift@=\dimen172
\tagwidth@=\dimen173
\totwidth@=\dimen174
\lineht@=\dimen175
\@envbody=\toks30
\multlinegap=\skip50
\multlinetaggap=\skip51
\mathdisplay@stack=\toks31
LaTeX Info: Redefining \[ on input line 2666.
LaTeX Info: Redefining \] on input line 2667.
)
("C:\Arquivos de programas\MiKTeX 2.7\tex\latex\amscls\amsthm.sty"
Package: amsthm 2004/08/06 v2.20
\thm@style=\toks32
\thm@bodyfont=\toks33
\thm@headfont=\toks34
\thm@notefont=\toks35
\thm@headpunct=\toks36
\thm@preskip=\skip52
\thm@postskip=\skip53
\thm@headsep=\skip54
\dth@everypar=\toks37
)
\c@theorem=\count149
)
("C:\Arquivos de programas\MiKTeX 2.7\tex\latex\beamer\base\beamerbasethemes.st
y"
Package: beamerbasethemes 2007/01/28  (rcs-revision 1.10)
)
("C:\Arquivos de programas\MiKTeX 2.7\tex\latex\beamer\themes\theme\beamertheme
default.sty"
Package: beamerthemedefault 2007/01/28  (rcs-revision 1.7)

("C:\Arquivos de programas\MiKTeX 2.7\tex\latex\beamer\themes\font\beamerfontth
emedefault.sty"
Package: beamerfontthemedefault 2007/01/28  (rcs-revision 1.13)
)
("C:\Arquivos de programas\MiKTeX 2.7\tex\latex\beamer\themes\color\beamercolor
themedefault.sty"
Package: beamercolorthemedefault 2007/01/28  (rcs-revision 1.28)
)
("C:\Arquivos de programas\MiKTeX 2.7\tex\latex\beamer\themes\inner\beamerinner
themedefault.sty"
Package: beamerinnerthemedefault 2007/01/28  (rcs-revision 1.20)
\beamer@dima=\dimen176
\beamer@dimb=\dimen177
)
("C:\Arquivos de programas\MiKTeX 2.7\tex\latex\beamer\themes\outer\beamerouter
themedefault.sty"
Package: beamerouterthemedefault 2007/01/28  (rcs-revision 1.14)
))
("C:\Arquivos de programas\MiKTeX 2.7\tex\latex\beamer\themes\color\beamercolor
themestructure.sty"
Package: beamercolorthemestructure 2007/01/28  (rcs-revision 1.4)
))
("C:\Arquivos de programas\MiKTeX 2.7\tex\latex\base\inputenc.sty"
Package: inputenc 2006/05/05 v1.1b Input encoding file
\inpenc@prehook=\toks38
\inpenc@posthook=\toks39

("C:\Arquivos de programas\MiKTeX 2.7\tex\latex\base\latin1.def"
File: latin1.def 2006/05/05 v1.1b Input encoding file
))
("C:\Arquivos de programas\MiKTeX 2.7\tex\generic\babel\babel.sty"
Package: babel 2008/03/16 v3.8j The Babel package

*************************************
* Local config file bblopts.cfg used
*
("C:\Arquivos de programas\MiKTeX 2.7\tex\latex\00miktex\bblopts.cfg"
File: bblopts.cfg 2006/07/31 v1.0 MiKTeX 'babel' configuration
)
("C:\Arquivos de programas\MiKTeX 2.7\tex\generic\babel\portuges.ldf"
Language: portuges 2008/03/18 v1.2q Portuguese support from the babel system

("C:\Arquivos de programas\MiKTeX 2.7\tex\generic\babel\babel.def"
File: babel.def 2008/03/16 v3.8j Babel common definitions
LaTeX Info: Redefining \textlatin on input line 82.
\babel@savecnt=\count150
\U@D=\dimen178
)
\l@brazil = a dialect from \language\l@portuges 
Package babel Info: Making " an active character on input line 145.
))
("C:\Arquivos de programas\MiKTeX 2.7\tex\latex\fancybox\fancybox.sty"
Package: fancybox 2000/09/19 1.3

Style option: `fancybox' v1.3 <2000/09/19> (tvz)
\@fancybox=\box52
\shadowsize=\dimen179
\@Sbox=\box53
\do@VerbBox=\toks40
\the@fancyput=\toks41
\this@fancyput=\toks42
\EndVerbatimTokens=\toks43
\Verbatim@Outfile=\write4
\Verbatim@Infile=\read1
)
("C:\Arquivos de programas\MiKTeX 2.7\tex\latex\beamer\themes\theme\beamertheme
Boadilla.sty"
Package: beamerthemeBoadilla 2007/01/28  (rcs-revision 1.2)

("C:\Arquivos de programas\MiKTeX 2.7\tex\latex\beamer\themes\color\beamercolor
themerose.sty"
Package: beamercolorthemerose 2007/01/28  (rcs-revision 1.3)
)
("C:\Arquivos de programas\MiKTeX 2.7\tex\latex\beamer\themes\inner\beamerinner
themerounded.sty"
Package: beamerinnerthemerounded 2007/01/28  (rcs-revision 1.5)
)
("C:\Arquivos de programas\MiKTeX 2.7\tex\latex\beamer\themes\color\beamercolor
themedolphin.sty"
Package: beamercolorthemedolphin 2007/01/28  (rcs-revision 1.2)
)
("C:\Arquivos de programas\MiKTeX 2.7\tex\latex\beamer\themes\outer\beamerouter
themeinfolines.sty"
Package: beamerouterthemeinfolines 2007/01/28  (rcs-revision 1.9)
))

Package hyperref Warning: Token not allowed in a PDF string (PDFDocEncoding),
(hyperref)                removing `\\' on input line 46.


Package hyperref Warning: Token not allowed in a PDF string (PDFDocEncoding),
(hyperref)                removing `\\' on input line 46.


Package hyperref Warning: Token not allowed in a PDF string (PDFDocEncoding),
(hyperref)                removing `\\' on input line 46.

(final.aux)
LaTeX Font Info:    Checking defaults for OML/cmm/m/it on input line 50.
LaTeX Font Info:    ... okay on input line 50.
LaTeX Font Info:    Checking defaults for T1/cmr/m/n on input line 50.
LaTeX Font Info:    ... okay on input line 50.
LaTeX Font Info:    Checking defaults for OT1/cmr/m/n on input line 50.
LaTeX Font Info:    ... okay on input line 50.
LaTeX Font Info:    Checking defaults for OMS/cmsy/m/n on input line 50.
LaTeX Font Info:    ... okay on input line 50.
LaTeX Font Info:    Checking defaults for OMX/cmex/m/n on input line 50.
LaTeX Font Info:    ... okay on input line 50.
LaTeX Font Info:    Checking defaults for U/cmr/m/n on input line 50.
LaTeX Font Info:    ... okay on input line 50.
LaTeX Font Info:    Checking defaults for PD1/pdf/m/n on input line 50.
LaTeX Font Info:    ... okay on input line 50.
 ("C:\Arquivos de programas\MiKTeX 2.7\tex\context\base\supp-pdf.tex"
[Loading MPS to PDF converter (version 2006.09.02).]
\scratchcounter=\count151
\scratchdimen=\dimen180
\scratchbox=\box54
\nofMPsegments=\count152
\nofMParguments=\count153
\everyMPshowfont=\toks44
\MPscratchCnt=\count154
\MPscratchDim=\dimen181
\MPnumerator=\count155
\everyMPtoPDFconversion=\toks45
)
-------------------- Geometry parameters
paper: user defined
landscape: --
twocolumn: --
twoside: --
asymmetric: --
h-parts: 10.95003pt, 342.2953pt, 10.95003pt
v-parts: 0.0pt, 273.14662pt, 0.0pt
hmarginratio: --
vmarginratio: --
lines: --
heightrounded: --
bindingoffset: 0.0pt
truedimen: --
includehead: true
includefoot: true
includemp: --
driver: pdftex
-------------------- Page layout dimensions and switches
\paperwidth  364.19536pt
\paperheight 273.14662pt
\textwidth  342.2953pt
\textheight 244.6939pt
\oddsidemargin  -61.31996pt
\evensidemargin -61.31996pt
\topmargin  -72.26999pt
\headheight 14.22636pt
\headsep    0.0pt
\footskip   14.22636pt
\marginparwidth 4.0pt
\marginparsep   10.0pt
\columnsep  10.0pt
\skip\footins  10.0pt plus 4.0pt minus 2.0pt
\hoffset 0.0pt
\voffset 0.0pt
\mag 1000

(1in=72.27pt, 1cm=28.45pt)
-----------------------
Package hyperref Info: Link coloring OFF on input line 50.
 ("C:\Arquivos de programas\MiKTeX 2.7\tex\latex\hyperref\nameref.sty"
Package: nameref 2007/05/29 v2.31 Cross-referencing by name of section

("C:\Arquivos de programas\MiKTeX 2.7\tex\latex\oberdiek\refcount.sty"
Package: refcount 2006/02/20 v3.0 Data extraction from references (HO)
)
\c@section@level=\count156
)
LaTeX Info: Redefining \ref on input line 50.
LaTeX Info: Redefining \pageref on input line 50.

(final.out) (final.out)
\@outlinefile=\write5
\AtBeginShipoutBox=\box55

("C:\Arquivos de programas\MiKTeX 2.7\tex\latex\translator\dicts\theorem\transl
ator-theorem-dictionary-English.dict"
Dictionary: translator-theorem-dictionary, Language: English 
) (final.nav)

LaTeX Font Warning: Font shape `OT1/cmss/m/n' in size <4> not available
(Font)              size <5> substituted on input line 54.

[1

{C:/Documents and Settings/All Users/Dados de aplicativos/MiKTeX/2.7/pdftex/con
fig/pdftex.map}] (final.toc) [2

] [3

] [4

] [5

] [6

] [7

] [8

] [9

] [10

] [11

]
[12

] [13

] [14

] (final.toc) [15

] [16

] [17

] [18

] [19

] [20

] [21

] [22

] [23

]
[24

] [25

] [26

] [27

] [28

] [29

] [30

] [31

] [32

] [33

] (final.toc) [34

] [35

]
[36

] [37

] [38

] [39

] [40

] [41

] [42

] (final.toc) [43

] [44

] [45

] [46

] [47

]
<figuras/class_diagram.PNG, id=1307, 1134.2375pt x 1036.87375pt>
File: figuras/class_diagram.PNG Graphic file (type png)

<use figuras/class_diagram.PNG>
Overfull \vbox (8.32204pt too high) detected at line 193
 []

[48

 <figuras/class_diagram.PNG>]
LaTeX Font Info:    Try loading font information for U+msa on input line 211.

("C:\Arquivos de programas\MiKTeX 2.7\tex\latex\amsfonts\umsa.fd"
File: umsa.fd 2002/01/19 v2.2g AMS font definitions
)
LaTeX Font Info:    Try loading font information for U+msb on input line 211.

("C:\Arquivos de programas\MiKTeX 2.7\tex\latex\amsfonts\umsb.fd"
File: umsb.fd 2002/01/19 v2.2g AMS font definitions
)
Overfull \hbox (3.57567pt too wide) in paragraph at lines 211--211
 [] 
 []

[49

] (final.toc) [50

] [51

] [52

] [53

]
\tf@nav=\write6
\tf@toc=\write7
\tf@snm=\write8
 (final.aux)

LaTeX Font Warning: Size substitutions with differences
(Font)              up to 1.0pt have occurred.

 ) 
Here is how much of TeX's memory you used:
 13213 strings out of 95317
 229013 string characters out of 1183489
 311384 words of memory out of 1500000
 15964 multiletter control sequences out of 110000
 11071 words of font info for 41 fonts, out of 1200000 for 2000
 16 hyphenation exceptions out of 8191
 47i,16n,77p,360b,683s stack positions out of 5000i,500n,10000p,200000b,5000s
<C:/Arquivos de programas/MiKTeX 2.7/fonts/type1/bluesky/cm/cmss10.pfb><C:/Ar
quivos de programas/MiKTeX 2.7/fonts/type1/bluesky/cm/cmss12.pfb><C:/Arquivos d
e programas/MiKTeX 2.7/fonts/type1/bluesky/cm/cmss8.pfb><C:/Arquivos de program
as/MiKTeX 2.7/fonts/type1/bluesky/cm/cmssbx10.pfb><C:/Arquivos de programas/MiK
TeX 2.7/fonts/type1/bluesky/cm/cmssi10.pfb>
Output written on final.pdf (53 pages, 417101 bytes).
PDF statistics:
 1518 PDF objects out of 1728 (max. 8388607)
 114 named destinations out of 1000 (max. 131072)
 142 words of extra memory for PDF output out of 10000 (max. 10000000)

